{"uuid":"877ab4b0-ca77-4ed9-a8d2-be1cef7de230","historyId":"879fb6d1e84f0d830f4f132f9473491d","fullName":"ru.practicum.ui.LoginTest.loginByClickingLogInButtonOnMainPage","labels":[{"name":"package","value":"ru.practicum.ui"},{"name":"testClass","value":"ru.practicum.ui.LoginTest"},{"name":"testMethod","value":"loginByClickingLogInButtonOnMainPage"},{"name":"suite","value":"ru.practicum.ui.LoginTest"},{"name":"host","value":"kolliame-2"},{"name":"thread","value":"47629@kolliame-2.main(1)"},{"name":"framework","value":"junit4"},{"name":"language","value":"java"}],"links":[],"name":"Вход по кнопке «Войти в аккаунт» на главной","status":"failed","statusDetails":{"known":false,"muted":false,"flaky":false,"message":"Invalid element state [By.xpath: //button[text()='Войти в аккаунт']]: Element <button class=\"button_button__33qZ0 button_button_type_primary__1O7Bx button_button_size_large__G21Vg\"> is not clickable at point (1191,440) because another element <div class=\"Modal_modal_overlay__x2ZCr\"> obscures it\nScreenshot: file:/Users/okhomiakova/Desktop/Yandex%20Practicum/QA-Automation-Java/Diplom/Diplom_3/build/reports/tests/1662316958930.0.png\nPage source: file:/Users/okhomiakova/Desktop/Yandex%20Practicum/QA-Automation-Java/Diplom/Diplom_3/build/reports/tests/1662316958930.0.html\nTimeout: 4 s.\nCaused by: ElementClickInterceptedException: Element <button class=\"button_button__33qZ0 button_button_type_primary__1O7Bx button_button_size_large__G21Vg\"> is not clickable at point (1191,440) because another element <div class=\"Modal_modal_overlay__x2ZCr\"> obscures it","trace":"Invalid element state [By.xpath: //button[text()='Войти в аккаунт']]: Element <button class=\"button_button__33qZ0 button_button_type_primary__1O7Bx button_button_size_large__G21Vg\"> is not clickable at point (1191,440) because another element <div class=\"Modal_modal_overlay__x2ZCr\"> obscures it\nScreenshot: file:/Users/okhomiakova/Desktop/Yandex%20Practicum/QA-Automation-Java/Diplom/Diplom_3/build/reports/tests/1662316958930.0.png\nPage source: file:/Users/okhomiakova/Desktop/Yandex%20Practicum/QA-Automation-Java/Diplom/Diplom_3/build/reports/tests/1662316958930.0.html\nTimeout: 4 s.\nCaused by: ElementClickInterceptedException: Element <button class=\"button_button__33qZ0 button_button_type_primary__1O7Bx button_button_size_large__G21Vg\"> is not clickable at point (1191,440) because another element <div class=\"Modal_modal_overlay__x2ZCr\"> obscures it\n\tat com.codeborne.selenide.impl.ExceptionWrapper.wrap(ExceptionWrapper.java:26)\n\tat com.codeborne.selenide.impl.SelenideElementProxy.dispatchAndRetry(SelenideElementProxy.java:153)\n\tat com.codeborne.selenide.impl.SelenideElementProxy.invoke(SelenideElementProxy.java:83)\n\tat com.sun.proxy.$Proxy18.click(Unknown Source)\n\tat ru.practicum.page.object.MainPage.clickLoginButton(MainPage.java:52)\n\tat ru.practicum.ui.LoginTest.loginByClickingLogInButtonOnMainPage(LoginTest.java:60)\n\tat java.base/jdk.internal.reflect.NativeMethodAccessorImpl.invoke0(Native Method)\n\tat java.base/jdk.internal.reflect.NativeMethodAccessorImpl.invoke(NativeMethodAccessorImpl.java:62)\n\tat java.base/jdk.internal.reflect.DelegatingMethodAccessorImpl.invoke(DelegatingMethodAccessorImpl.java:43)\n\tat java.base/java.lang.reflect.Method.invoke(Method.java:566)\n\tat org.junit.runners.model.FrameworkMethod$1.runReflectiveCall(FrameworkMethod.java:59)\n\tat org.junit.internal.runners.model.ReflectiveCallable.run(ReflectiveCallable.java:12)\n\tat org.junit.runners.model.FrameworkMethod.invokeExplosively(FrameworkMethod.java:56)\n\tat org.junit.internal.runners.statements.InvokeMethod.evaluate(InvokeMethod.java:17)\n\tat org.junit.internal.runners.statements.RunBefores.evaluate(RunBefores.java:26)\n\tat org.junit.internal.runners.statements.RunAfters.evaluate(RunAfters.java:27)\n\tat org.junit.runners.ParentRunner$3.evaluate(ParentRunner.java:306)\n\tat org.junit.runners.BlockJUnit4ClassRunner$1.evaluate(BlockJUnit4ClassRunner.java:100)\n\tat org.junit.runners.ParentRunner.runLeaf(ParentRunner.java:366)\n\tat org.junit.runners.BlockJUnit4ClassRunner.runChild(BlockJUnit4ClassRunner.java:103)\n\tat org.junit.runners.BlockJUnit4ClassRunner.runChild(BlockJUnit4ClassRunner.java:63)\n\tat org.junit.runners.ParentRunner$4.run(ParentRunner.java:331)\n\tat org.junit.runners.ParentRunner$1.schedule(ParentRunner.java:79)\n\tat org.junit.runners.ParentRunner.runChildren(ParentRunner.java:329)\n\tat org.junit.runners.ParentRunner.access$100(ParentRunner.java:66)\n\tat org.junit.runners.ParentRunner$2.evaluate(ParentRunner.java:293)\n\tat org.junit.runners.ParentRunner$3.evaluate(ParentRunner.java:306)\n\tat org.junit.runners.ParentRunner.run(ParentRunner.java:413)\n\tat org.apache.maven.surefire.junit4.JUnit4Provider.execute(JUnit4Provider.java:365)\n\tat org.apache.maven.surefire.junit4.JUnit4Provider.executeWithRerun(JUnit4Provider.java:273)\n\tat org.apache.maven.surefire.junit4.JUnit4Provider.executeTestSet(JUnit4Provider.java:238)\n\tat org.apache.maven.surefire.junit4.JUnit4Provider.invoke(JUnit4Provider.java:159)\n\tat org.apache.maven.surefire.booter.ForkedBooter.invokeProviderInSameClassLoader(ForkedBooter.java:384)\n\tat org.apache.maven.surefire.booter.ForkedBooter.runSuitesInProcess(ForkedBooter.java:345)\n\tat org.apache.maven.surefire.booter.ForkedBooter.execute(ForkedBooter.java:126)\n\tat org.apache.maven.surefire.booter.ForkedBooter.main(ForkedBooter.java:418)\nCaused by: org.openqa.selenium.ElementClickInterceptedException: Element <button class=\"button_button__33qZ0 button_button_type_primary__1O7Bx button_button_size_large__G21Vg\"> is not clickable at point (1191,440) because another element <div class=\"Modal_modal_overlay__x2ZCr\"> obscures it\nBuild info: version: '4.1.3', revision: '7b1ebf28ef'\nSystem info: host: 'kolliame-2', ip: 'fe80:0:0:0:c0c:f26c:e503:5565%en0', os.name: 'Mac OS X', os.arch: 'x86_64', os.version: '12.0.1', java.version: '11.0.14.1'\nDriver info: com.codeborne.selenide.webdriver.PatchedFirefoxDriver\nCommand: [fcc9dfd2-2d41-4398-8838-90793557fedf, clickElement {id=c20b075b-078a-4a0e-b4a2-a3c70bbc35dc}]\nCapabilities {acceptInsecureCerts: true, browserName: firefox, browserVersion: 104.0, javascriptEnabled: true, moz:accessibilityChecks: false, moz:buildID: 20220818191623, moz:debuggerAddress: localhost:63452, moz:geckodriverVersion: 0.31.0, moz:headless: false, moz:platformVersion: 21.1.0, moz:processID: 47752, moz:profile: /var/folders/jw/_k7k9dyj36d..., moz:shutdownTimeout: 60000, moz:useNonSpecCompliantPointerOrigin: false, moz:webdriverClick: true, moz:windowless: false, pageLoadStrategy: normal, platform: MAC, platformName: MAC, proxy: Proxy(), se:cdp: ws://localhost:63452/devtoo..., se:cdpVersion: 85.0, setWindowRect: true, strictFileInteractability: false, timeouts: {implicit: 0, pageLoad: 300000, script: 30000}, unhandledPromptBehavior: dismiss and notify}\nElement: [[PatchedFirefoxDriver: firefox on MAC (fcc9dfd2-2d41-4398-8838-90793557fedf)] -> xpath: //button[text()='Войти в аккаунт']]\nSession ID: fcc9dfd2-2d41-4398-8838-90793557fedf\n\tat jdk.internal.reflect.GeneratedConstructorAccessor47.newInstance(Unknown Source)\n\tat java.base/jdk.internal.reflect.DelegatingConstructorAccessorImpl.newInstance(DelegatingConstructorAccessorImpl.java:45)\n\tat java.base/java.lang.reflect.Constructor.newInstance(Constructor.java:490)\n\tat org.openqa.selenium.remote.codec.w3c.W3CHttpResponseCodec.createException(W3CHttpResponseCodec.java:200)\n\tat org.openqa.selenium.remote.codec.w3c.W3CHttpResponseCodec.decode(W3CHttpResponseCodec.java:133)\n\tat org.openqa.selenium.remote.codec.w3c.W3CHttpResponseCodec.decode(W3CHttpResponseCodec.java:53)\n\tat org.openqa.selenium.remote.HttpCommandExecutor.execute(HttpCommandExecutor.java:184)\n\tat org.openqa.selenium.remote.service.DriverCommandExecutor.invokeExecute(DriverCommandExecutor.java:167)\n\tat org.openqa.selenium.remote.service.DriverCommandExecutor.execute(DriverCommandExecutor.java:142)\n\tat org.openqa.selenium.remote.RemoteWebDriver.execute(RemoteWebDriver.java:567)\n\tat org.openqa.selenium.remote.RemoteWebElement.execute(RemoteWebElement.java:251)\n\tat org.openqa.selenium.remote.RemoteWebElement.click(RemoteWebElement.java:77)\n\tat com.codeborne.selenide.commands.Click.defaultClick(Click.java:73)\n\tat com.codeborne.selenide.commands.Click.click(Click.java:52)\n\tat com.codeborne.selenide.commands.Click.execute(Click.java:29)\n\tat com.codeborne.selenide.commands.Click.execute(Click.java:19)\n\tat com.codeborne.selenide.commands.Commands.execute(Commands.java:154)\n\tat com.codeborne.selenide.impl.SelenideElementProxy.dispatchAndRetry(SelenideElementProxy.java:131)\n\t... 34 more\n"},"stage":"finished","steps":[{"name":"Создание нового пользователя","status":"passed","stage":"finished","steps":[],"attachments":[],"parameters":[{"name":"user","value":"POJO.User@7f8b9fa7"}],"start":1662316950277,"stop":1662316950561},{"name":"Клик на кнопку Войти в аккаунт","status":"failed","statusDetails":{"known":false,"muted":false,"flaky":false,"message":"Invalid element state [By.xpath: //button[text()='Войти в аккаунт']]: Element <button class=\"button_button__33qZ0 button_button_type_primary__1O7Bx button_button_size_large__G21Vg\"> is not clickable at point (1191,440) because another element <div class=\"Modal_modal_overlay__x2ZCr\"> obscures it\nScreenshot: file:/Users/okhomiakova/Desktop/Yandex%20Practicum/QA-Automation-Java/Diplom/Diplom_3/build/reports/tests/1662316958930.0.png\nPage source: file:/Users/okhomiakova/Desktop/Yandex%20Practicum/QA-Automation-Java/Diplom/Diplom_3/build/reports/tests/1662316958930.0.html\nTimeout: 4 s.\nCaused by: ElementClickInterceptedException: Element <button class=\"button_button__33qZ0 button_button_type_primary__1O7Bx button_button_size_large__G21Vg\"> is not clickable at point (1191,440) because another element <div class=\"Modal_modal_overlay__x2ZCr\"> obscures it","trace":"Invalid element state [By.xpath: //button[text()='Войти в аккаунт']]: Element <button class=\"button_button__33qZ0 button_button_type_primary__1O7Bx button_button_size_large__G21Vg\"> is not clickable at point (1191,440) because another element <div class=\"Modal_modal_overlay__x2ZCr\"> obscures it\nScreenshot: file:/Users/okhomiakova/Desktop/Yandex%20Practicum/QA-Automation-Java/Diplom/Diplom_3/build/reports/tests/1662316958930.0.png\nPage source: file:/Users/okhomiakova/Desktop/Yandex%20Practicum/QA-Automation-Java/Diplom/Diplom_3/build/reports/tests/1662316958930.0.html\nTimeout: 4 s.\nCaused by: ElementClickInterceptedException: Element <button class=\"button_button__33qZ0 button_button_type_primary__1O7Bx button_button_size_large__G21Vg\"> is not clickable at point (1191,440) because another element <div class=\"Modal_modal_overlay__x2ZCr\"> obscures it\n\tat com.codeborne.selenide.impl.ExceptionWrapper.wrap(ExceptionWrapper.java:26)\n\tat com.codeborne.selenide.impl.SelenideElementProxy.dispatchAndRetry(SelenideElementProxy.java:153)\n\tat com.codeborne.selenide.impl.SelenideElementProxy.invoke(SelenideElementProxy.java:83)\n\tat com.sun.proxy.$Proxy18.click(Unknown Source)\n\tat ru.practicum.page.object.MainPage.clickLoginButton(MainPage.java:52)\n\tat ru.practicum.ui.LoginTest.loginByClickingLogInButtonOnMainPage(LoginTest.java:60)\n\tat java.base/jdk.internal.reflect.NativeMethodAccessorImpl.invoke0(Native Method)\n\tat java.base/jdk.internal.reflect.NativeMethodAccessorImpl.invoke(NativeMethodAccessorImpl.java:62)\n\tat java.base/jdk.internal.reflect.DelegatingMethodAccessorImpl.invoke(DelegatingMethodAccessorImpl.java:43)\n\tat java.base/java.lang.reflect.Method.invoke(Method.java:566)\n\tat org.junit.runners.model.FrameworkMethod$1.runReflectiveCall(FrameworkMethod.java:59)\n\tat org.junit.internal.runners.model.ReflectiveCallable.run(ReflectiveCallable.java:12)\n\tat org.junit.runners.model.FrameworkMethod.invokeExplosively(FrameworkMethod.java:56)\n\tat org.junit.internal.runners.statements.InvokeMethod.evaluate(InvokeMethod.java:17)\n\tat org.junit.internal.runners.statements.RunBefores.evaluate(RunBefores.java:26)\n\tat org.junit.internal.runners.statements.RunAfters.evaluate(RunAfters.java:27)\n\tat org.junit.runners.ParentRunner$3.evaluate(ParentRunner.java:306)\n\tat org.junit.runners.BlockJUnit4ClassRunner$1.evaluate(BlockJUnit4ClassRunner.java:100)\n\tat org.junit.runners.ParentRunner.runLeaf(ParentRunner.java:366)\n\tat org.junit.runners.BlockJUnit4ClassRunner.runChild(BlockJUnit4ClassRunner.java:103)\n\tat org.junit.runners.BlockJUnit4ClassRunner.runChild(BlockJUnit4ClassRunner.java:63)\n\tat org.junit.runners.ParentRunner$4.run(ParentRunner.java:331)\n\tat org.junit.runners.ParentRunner$1.schedule(ParentRunner.java:79)\n\tat org.junit.runners.ParentRunner.runChildren(ParentRunner.java:329)\n\tat org.junit.runners.ParentRunner.access$100(ParentRunner.java:66)\n\tat org.junit.runners.ParentRunner$2.evaluate(ParentRunner.java:293)\n\tat org.junit.runners.ParentRunner$3.evaluate(ParentRunner.java:306)\n\tat org.junit.runners.ParentRunner.run(ParentRunner.java:413)\n\tat org.apache.maven.surefire.junit4.JUnit4Provider.execute(JUnit4Provider.java:365)\n\tat org.apache.maven.surefire.junit4.JUnit4Provider.executeWithRerun(JUnit4Provider.java:273)\n\tat org.apache.maven.surefire.junit4.JUnit4Provider.executeTestSet(JUnit4Provider.java:238)\n\tat org.apache.maven.surefire.junit4.JUnit4Provider.invoke(JUnit4Provider.java:159)\n\tat org.apache.maven.surefire.booter.ForkedBooter.invokeProviderInSameClassLoader(ForkedBooter.java:384)\n\tat org.apache.maven.surefire.booter.ForkedBooter.runSuitesInProcess(ForkedBooter.java:345)\n\tat org.apache.maven.surefire.booter.ForkedBooter.execute(ForkedBooter.java:126)\n\tat org.apache.maven.surefire.booter.ForkedBooter.main(ForkedBooter.java:418)\nCaused by: org.openqa.selenium.ElementClickInterceptedException: Element <button class=\"button_button__33qZ0 button_button_type_primary__1O7Bx button_button_size_large__G21Vg\"> is not clickable at point (1191,440) because another element <div class=\"Modal_modal_overlay__x2ZCr\"> obscures it\nBuild info: version: '4.1.3', revision: '7b1ebf28ef'\nSystem info: host: 'kolliame-2', ip: 'fe80:0:0:0:c0c:f26c:e503:5565%en0', os.name: 'Mac OS X', os.arch: 'x86_64', os.version: '12.0.1', java.version: '11.0.14.1'\nDriver info: com.codeborne.selenide.webdriver.PatchedFirefoxDriver\nCommand: [fcc9dfd2-2d41-4398-8838-90793557fedf, clickElement {id=c20b075b-078a-4a0e-b4a2-a3c70bbc35dc}]\nCapabilities {acceptInsecureCerts: true, browserName: firefox, browserVersion: 104.0, javascriptEnabled: true, moz:accessibilityChecks: false, moz:buildID: 20220818191623, moz:debuggerAddress: localhost:63452, moz:geckodriverVersion: 0.31.0, moz:headless: false, moz:platformVersion: 21.1.0, moz:processID: 47752, moz:profile: /var/folders/jw/_k7k9dyj36d..., moz:shutdownTimeout: 60000, moz:useNonSpecCompliantPointerOrigin: false, moz:webdriverClick: true, moz:windowless: false, pageLoadStrategy: normal, platform: MAC, platformName: MAC, proxy: Proxy(), se:cdp: ws://localhost:63452/devtoo..., se:cdpVersion: 85.0, setWindowRect: true, strictFileInteractability: false, timeouts: {implicit: 0, pageLoad: 300000, script: 30000}, unhandledPromptBehavior: dismiss and notify}\nElement: [[PatchedFirefoxDriver: firefox on MAC (fcc9dfd2-2d41-4398-8838-90793557fedf)] -> xpath: //button[text()='Войти в аккаунт']]\nSession ID: fcc9dfd2-2d41-4398-8838-90793557fedf\n\tat jdk.internal.reflect.GeneratedConstructorAccessor47.newInstance(Unknown Source)\n\tat java.base/jdk.internal.reflect.DelegatingConstructorAccessorImpl.newInstance(DelegatingConstructorAccessorImpl.java:45)\n\tat java.base/java.lang.reflect.Constructor.newInstance(Constructor.java:490)\n\tat org.openqa.selenium.remote.codec.w3c.W3CHttpResponseCodec.createException(W3CHttpResponseCodec.java:200)\n\tat org.openqa.selenium.remote.codec.w3c.W3CHttpResponseCodec.decode(W3CHttpResponseCodec.java:133)\n\tat org.openqa.selenium.remote.codec.w3c.W3CHttpResponseCodec.decode(W3CHttpResponseCodec.java:53)\n\tat org.openqa.selenium.remote.HttpCommandExecutor.execute(HttpCommandExecutor.java:184)\n\tat org.openqa.selenium.remote.service.DriverCommandExecutor.invokeExecute(DriverCommandExecutor.java:167)\n\tat org.openqa.selenium.remote.service.DriverCommandExecutor.execute(DriverCommandExecutor.java:142)\n\tat org.openqa.selenium.remote.RemoteWebDriver.execute(RemoteWebDriver.java:567)\n\tat org.openqa.selenium.remote.RemoteWebElement.execute(RemoteWebElement.java:251)\n\tat org.openqa.selenium.remote.RemoteWebElement.click(RemoteWebElement.java:77)\n\tat com.codeborne.selenide.commands.Click.defaultClick(Click.java:73)\n\tat com.codeborne.selenide.commands.Click.click(Click.java:52)\n\tat com.codeborne.selenide.commands.Click.execute(Click.java:29)\n\tat com.codeborne.selenide.commands.Click.execute(Click.java:19)\n\tat com.codeborne.selenide.commands.Commands.execute(Commands.java:154)\n\tat com.codeborne.selenide.impl.SelenideElementProxy.dispatchAndRetry(SelenideElementProxy.java:131)\n\t... 34 more\n"},"stage":"finished","steps":[],"attachments":[],"parameters":[],"start":1662316954909,"stop":1662316959127},{"name":"Логин пользователя","status":"passed","stage":"finished","steps":[],"attachments":[],"parameters":[{"name":"credentials","value":"POJO.UserCreds@52b11deb"}],"start":1662316959674,"stop":1662316959955},{"name":"Удалить пользователя","status":"passed","stage":"finished","steps":[],"attachments":[],"parameters":[{"name":"accessToken","value":"Bearer eyJhbGciOiJIUzI1NiIsInR5cCI6IkpXVCJ9.eyJpZCI6IjYzMTRmMTk2OTNlYmMyMDAxYjRjMjVkZCIsImlhdCI6MTY2MjMxNjk1OSwiZXhwIjoxNjYyMzE4MTU5fQ.8-XipP3hce4vNiFbipgR-ih-OBm49V4KWNemjb4HQ_g"}],"start":1662316959974,"stop":1662316960273}],"attachments":[],"parameters":[],"start":1662316950276,"stop":1662316960313}